File Name  : ../var/import/GBSstockfeed.csv - Last Modify Date : 31-01-2020 17:02:12- Recently Modify Date  :31-01-2020 17:02:12 - Date : 2020-01-31 19:45:46
File Name  : ../var/import/GBSstockfeed.csv - Last Modify Date : 31-01-2020 17:02:12- Recently Modify Date  :31-01-2020 17:02:12 - Date : 2020-01-31 19:46:31
File Name  : ../var/import/GBSstockfeed.csv - Last Modify Date : 31-01-2020 17:02:12- Recently Modify Date  :31-01-2020 17:02:12 - Date : 2020-01-31 19:46:33
File Name  : ../var/import/GBSstockfeed.csv - Last Modify Date : 31-01-2020 17:02:12- Recently Modify Date  :31-01-2020 17:02:12 - Date : 2020-01-31 19:46:51
File Name  : ../var/import/GBSstockfeed.csv - Last Modify Date : 31-01-2020 17:02:12- Recently Modify Date  :31-01-2020 17:02:12 - Date : 2020-01-31 19:46:53
File Name  : ../var/import/GBSstockfeed.csv - Last Modify Date : 31-01-2020 17:02:12- Recently Modify Date  :31-01-2020 17:02:12 - Date : 2020-01-31 19:46:58
File Name  : ../var/import/GBSstockfeed.csv - Last Modify Date : 31-01-2020 17:02:12- Recently Modify Date  :31-01-2020 17:02:12 - Date : 2020-01-31 19:47:01
File Name  : ../var/import/GBSstockfeed.csv - Last Modify Date : 31-01-2020 17:02:12- Recently Modify Date  :31-01-2020 17:02:12 - Date : 2020-01-31 19:47:04
File Name  : ../var/import/GBSstockfeed.csv - Last Modify Date : 31-01-2020 17:02:12- Recently Modify Date  :31-01-2020 17:02:12 - Date : 2020-01-31 19:47:13
File Name  : ../var/import/GBSstockfeed.csv - Last Modify Date : 31-01-2020 17:02:12- Recently Modify Date  :31-01-2020 17:02:12 - Date : 2020-01-31 19:47:15
File Name  : ../var/import/GBSstockfeed.csv - Last Modify Date : 31-01-2020 17:02:12- Recently Modify Date  :31-01-2020 17:02:12 - Date : 2020-01-31 19:47:19
File Name  : ../var/import/GBSstockfeed.csv - Last Modify Date : 31-01-2020 17:02:12- Recently Modify Date  :31-01-2020 17:02:12 - Date : 2020-01-31 19:47:31
File Name  : ../var/import/GBSstockfeed.csv - Last Modify Date : 31-01-2020 17:02:12- Recently Modify Date  :31-01-2020 17:02:12 - Date : 2020-01-31 19:47:35
File Name  : ../var/import/GBSstockfeed.csv - Last Modify Date : 31-01-2020 17:02:12- Recently Modify Date  :31-01-2020 17:02:12 - Date : 2020-01-31 19:47:46
File Name  : ../var/import/GBSstockfeed.csv - Last Modify Date : 31-01-2020 17:02:12- Recently Modify Date  :31-01-2020 17:02:12 - Date : 2020-01-31 19:47:51
File Name  : ../var/import/GBSstockfeed.csv - Last Modify Date : 31-01-2020 17:02:12- Recently Modify Date  :31-01-2020 17:02:12 - Date : 2020-01-31 19:47:54
File Name  : ../var/import/GBSstockfeed.csv - Last Modify Date : 31-01-2020 17:02:12- Recently Modify Date  :31-01-2020 17:02:12 - Date : 2020-01-31 19:48:00
File Name  : ../var/import/GBSstockfeed.csv - Last Modify Date : 31-01-2020 17:02:12- Recently Modify Date  :31-01-2020 17:02:12 - Date : 2020-01-31 19:48:02
File Name  : ../var/import/GBSstockfeed.csv - Last Modify Date : 31-01-2020 17:02:12- Recently Modify Date  :31-01-2020 17:02:12 - Date : 2020-01-31 19:48:04
File Name  : ../var/import/GBSstockfeed.csv - Last Modify Date : 31-01-2020 17:02:12- Recently Modify Date  :31-01-2020 17:02:12 - Date : 2020-01-31 19:48:06
File Name  : ../var/import/GBSstockfeed.csv - Last Modify Date : 31-01-2020 17:02:12- Recently Modify Date  :31-01-2020 17:02:12 - Date : 2020-01-31 19:48:26
File Name  : ../var/import/GBSstockfeed.csv - Last Modify Date : 31-01-2020 17:02:12- Recently Modify Date  :31-01-2020 17:02:12 - Date : 2020-01-31 19:48:29
File Name  : ../var/import/GBSstockfeed.csv - Last Modify Date : 31-01-2020 17:02:12- Recently Modify Date  :31-01-2020 17:02:12 - Date : 2020-01-31 19:48:31
File Name  : ../var/import/GBSstockfeed.csv - Last Modify Date : 31-01-2020 17:02:12- Recently Modify Date  :31-01-2020 17:02:12 - Date : 2020-01-31 19:48:33
File Name  : ../var/import/GBSstockfeed.csv - Last Modify Date : 31-01-2020 17:02:12- Recently Modify Date  :31-01-2020 17:02:12 - Date : 2020-01-31 19:48:35
File Name  : ../var/import/GBSstockfeed.csv - Last Modify Date : 31-01-2020 17:02:12- Recently Modify Date  :31-01-2020 17:02:12 - Date : 2020-01-31 19:48:38
File Name  : ../var/import/GBSstockfeed.csv - Last Modify Date : 31-01-2020 17:02:12- Recently Modify Date  :31-01-2020 17:02:12 - Date : 2020-01-31 19:48:48
File Name  : ../var/import/GBSstockfeed.csv - Last Modify Date : 31-01-2020 17:02:12- Recently Modify Date  :31-01-2020 17:02:12 - Date : 2020-01-31 19:57:13
File Name  : ../var/import/GBSstockfeed.csv - Last Modify Date : 31-01-2020 17:02:12- Recently Modify Date  :31-01-2020 17:02:12 - Date : 2020-01-31 19:58:00
File Name  : ../var/import/GBSstockfeed.csv - Last Modify Date : 31-01-2020 17:02:12- Recently Modify Date  :31-01-2020 17:02:12 - Date : 2020-01-31 19:58:04
File Name  : ../var/import/GBSstockfeed.csv - Last Modify Date : 31-01-2020 17:02:12- Recently Modify Date  :31-01-2020 17:02:12 - Date : 2020-01-31 19:58:29
File Name  : ../var/import/GBSstockfeed.csv - Last Modify Date : 31-01-2020 17:02:12- Recently Modify Date  :31-01-2020 17:02:12 - Date : 2020-01-31 19:58:33
File Name  : ../var/import/GBSstockfeed.csv - Last Modify Date : 31-01-2020 17:02:12- Recently Modify Date  :31-01-2020 17:02:12 - Date : 2020-01-31 19:59:17
File Name  : ../var/import/GBSstockfeed.csv - Last Modify Date : 31-01-2020 17:02:12- Recently Modify Date  :31-01-2020 17:02:12 - Date : 2020-01-31 19:59:43
File Name  : ../var/import/GBSstockfeed.csv - Last Modify Date : 31-01-2020 17:02:12- Recently Modify Date  :31-01-2020 17:02:12 - Date : 2020-01-31 19:59:50
File Name  : ../var/import/GBSstockfeed.csv - Last Modify Date : 31-01-2020 17:02:12- Recently Modify Date  :31-01-2020 17:02:12 - Date : 2020-01-31 20:00:11
File Name  : ../var/import/GBSstockfeed.csv - Last Modify Date : 31-01-2020 17:02:12- Recently Modify Date  :31-01-2020 17:02:12 - Date : 2020-01-31 20:00:20
File Name  : ../var/import/GBSstockfeed.csv - Last Modify Date : 31-01-2020 17:02:12- Recently Modify Date  :31-01-2020 20:01:33 - Date : 2020-01-31 20:04:12
File Name  : ../var/import/GBSstockfeed.csv - Last Modify Date : 31-01-2020 20:01:33- Recently Modify Date  :31-01-2020 20:01:33 - Date : 2020-01-31 20:08:50
File Name  : ../var/import/GBSstockfeed.csv - Last Modify Date : 31-01-2020 20:01:33- Recently Modify Date  :31-01-2020 20:01:33 - Date : 2020-01-31 20:17:11
File Name  : ../var/import/GBSstockfeed.csv - Last Modify Date : 31-01-2020 20:01:33- Recently Modify Date  :31-01-2020 20:01:33 - Date : 2020-01-31 20:18:44
File Name  : ../var/import/GBSstockfeed.csv - Last Modify Date : 31-01-2020 20:01:33- Recently Modify Date  :31-01-2020 20:01:33 - Date : 2020-01-31 20:20:02
File Name  : ../var/import/GBSstockfeed.csv - Last Modify Date : 31-01-2020 20:01:33- Recently Modify Date  :31-01-2020 20:01:33 - Date : 2020-01-31 20:21:21
File Name  : ../var/import/GBSstockfeed.csv - Last Modify Date : 31-01-2020 20:01:33- Recently Modify Date  :31-01-2020 20:01:33 - Date : 2020-01-31 20:30:38
File Name  : ../var/import/GBSstockfeed.csv - Last Modify Date : 31-01-2020 20:01:33- Recently Modify Date  :31-01-2020 20:01:33 - Date : 2020-01-31 20:31:47
File Name  : ../var/import/GBSstockfeed.csv - Last Modify Date : 31-01-2020 20:01:33- Recently Modify Date  :31-01-2020 20:01:33 - Date : 2020-01-31 20:33:48
File Name  : ../var/import/GBSstockfeed.csv - Last Modify Date : 31-01-2020 20:01:33- Recently Modify Date  :31-01-2020 20:01:33 - Date : 2020-01-31 20:34:55
File Name  : ../var/import/GBSstockfeed.csv - Last Modify Date : 31-01-2020 20:01:33- Recently Modify Date  :31-01-2020 20:01:33 - Date : 2020-01-31 20:36:44
File Name  : ../var/import/GBSstockfeed.csv - Last Modify Date : 31-01-2020 20:01:33- Recently Modify Date  :31-01-2020 20:01:33 - Date : 2020-01-31 20:37:49
File Name  : ../var/import/GBSstockfeed.csv - Last Modify Date : 31-01-2020 20:01:33- Recently Modify Date  :31-01-2020 20:01:33 - Date : 2020-01-31 20:40:12
File Name  : ../var/import/GBSstockfeed.csv - Last Modify Date : 31-01-2020 20:01:33- Recently Modify Date  :31-01-2020 20:01:33 - Date : 2020-01-31 20:40:54
File Name  : ../var/import/GBSstockfeed.csv - Last Modify Date : 31-01-2020 20:01:33- Recently Modify Date  :31-01-2020 20:01:33 - Date : 2020-01-31 20:41:25
File Name  : ../var/import/GBSstockfeed.csv - Last Modify Date : 31-01-2020 20:01:33- Recently Modify Date  :31-01-2020 20:01:33 - Date : 2020-01-31 20:41:28
File Name  : ../var/import/GBSstockfeed.csv - Last Modify Date : 31-01-2020 20:01:33- Recently Modify Date  :31-01-2020 20:01:33 - Date : 2020-01-31 20:41:31
File Name  : ../var/import/GBSstockfeed.csv - Last Modify Date : 31-01-2020 20:01:33- Recently Modify Date  :31-01-2020 20:01:33 - Date : 2020-01-31 20:41:51
File Name  : ../var/import/GBSstockfeed.csv - Last Modify Date : 31-01-2020 20:01:33- Recently Modify Date  :31-01-2020 20:01:33 - Date : 2020-01-31 20:41:53
File Name  : ../var/import/GBSstockfeed.csv - Last Modify Date : 31-01-2020 20:01:33- Recently Modify Date  :31-01-2020 20:01:33 - Date : 2020-01-31 20:42:01
File Name  : ../var/import/GBSstockfeed.csv - Last Modify Date : 31-01-2020 20:01:33- Recently Modify Date  :31-01-2020 20:01:33 - Date : 2020-01-31 20:42:07
File Name  : ../var/import/GBSstockfeed.csv - Last Modify Date : 31-01-2020 20:01:33- Recently Modify Date  :31-01-2020 20:01:33 - Date : 2020-01-31 20:42:09
File Name  : ../var/import/GBSstockfeed.csv - Last Modify Date : 31-01-2020 20:01:33- Recently Modify Date  :31-01-2020 20:01:33 - Date : 2020-01-31 20:42:15
File Name  : ../var/import/GBSstockfeed.csv - Last Modify Date : 31-01-2020 20:01:33- Recently Modify Date  :31-01-2020 20:01:33 - Date : 2020-01-31 20:42:23
File Name  : ../var/import/GBSstockfeed.csv - Last Modify Date : 31-01-2020 20:01:33- Recently Modify Date  :31-01-2020 20:01:33 - Date : 2020-01-31 20:42:31
File Name  : ../var/import/GBSstockfeed.csv - Last Modify Date : 31-01-2020 20:01:33- Recently Modify Date  :31-01-2020 20:01:33 - Date : 2020-01-31 20:42:42
File Name  : ../var/import/GBSstockfeed.csv - Last Modify Date : 31-01-2020 20:01:33- Recently Modify Date  :31-01-2020 20:01:33 - Date : 2020-01-31 20:42:58
File Name  : ../var/import/GBSstockfeed.csv - Last Modify Date : 31-01-2020 20:01:33- Recently Modify Date  :31-01-2020 20:01:33 - Date : 2020-01-31 20:43:00
File Name  : ../var/import/GBSstockfeed.csv - Last Modify Date : 31-01-2020 20:01:33- Recently Modify Date  :31-01-2020 20:01:33 - Date : 2020-01-31 20:43:04
File Name  : ../var/import/GBSstockfeed.csv - Last Modify Date : 31-01-2020 20:01:33- Recently Modify Date  :31-01-2020 20:01:33 - Date : 2020-01-31 20:43:10
File Name  : ../var/import/GBSstockfeed.csv - Last Modify Date : 31-01-2020 20:01:33- Recently Modify Date  :31-01-2020 20:01:33 - Date : 2020-01-31 20:43:22
File Name  : ../var/import/GBSstockfeed.csv - Last Modify Date : 31-01-2020 20:01:33- Recently Modify Date  :31-01-2020 20:01:33 - Date : 2020-01-31 20:43:30
File Name  : ../var/import/GBSstockfeed.csv - Last Modify Date : 31-01-2020 20:01:33- Recently Modify Date  :31-01-2020 20:01:33 - Date : 2020-01-31 20:43:36
File Name  : ../var/import/GBSstockfeed.csv - Last Modify Date : 31-01-2020 20:01:33- Recently Modify Date  :31-01-2020 20:01:33 - Date : 2020-01-31 20:45:01
File Name  : ../var/import/GBSstockfeed.csv - Last Modify Date : 31-01-2020 20:01:33- Recently Modify Date  :31-01-2020 20:01:33 - Date : 2020-01-31 20:45:04
File Name  : ../var/import/GBSstockfeed.csv - Last Modify Date : 31-01-2020 20:01:33- Recently Modify Date  :31-01-2020 20:01:33 - Date : 2020-01-31 20:45:18
File Name  : ../var/import/GBSstockfeed.csv - Last Modify Date : 31-01-2020 20:01:33- Recently Modify Date  :31-01-2020 20:01:33 - Date : 2020-01-31 20:45:25
File Name  : ../var/import/GBSstockfeed.csv - Last Modify Date : 31-01-2020 20:01:33- Recently Modify Date  :31-01-2020 20:01:33 - Date : 2020-01-31 20:45:38
File Name  : ../var/import/GBSstockfeed.csv - Last Modify Date : 31-01-2020 20:01:33- Recently Modify Date  :31-01-2020 20:01:33 - Date : 2020-01-31 20:45:44
File Name  : ../var/import/GBSstockfeed.csv - Last Modify Date : 31-01-2020 20:01:33- Recently Modify Date  :31-01-2020 20:01:33 - Date : 2020-01-31 20:46:02
File Name  : ../var/import/GBSstockfeed.csv - Last Modify Date : 31-01-2020 20:01:33- Recently Modify Date  :31-01-2020 20:01:33 - Date : 2020-01-31 21:23:33
File Name  : ../var/import/GBSstockfeed.csv - Last Modify Date : 31-01-2020 20:01:33- Recently Modify Date  :31-01-2020 20:01:33 - Date : 2020-01-31 21:24:29
File Name  : ../var/import/GBSstockfeed.csv - Last Modify Date : 31-01-2020 20:01:33- Recently Modify Date  :31-01-2020 23:01:54 - Date : 2020-02-01 12:25:10
File Name  : ../var/import/GBSstockfeed.csv - Last Modify Date : 31-01-2020 23:01:54- Recently Modify Date  :31-01-2020 23:01:54 - Date : 2020-02-01 12:31:47
File Name  : ../var/import/GBSstockfeed.csv - Last Modify Date : 31-01-2020 23:01:54- Recently Modify Date  :31-01-2020 23:01:54 - Date : 2020-02-01 12:33:32
File Name  : ../var/import/GBSstockfeed.csv - Last Modify Date : 31-01-2020 23:01:54- Recently Modify Date  :31-01-2020 23:01:54 - Date : 2020-02-01 12:34:35
File Name  : ../var/import/GBSstockfeed.csv - Last Modify Date : 31-01-2020 23:01:54- Recently Modify Date  :31-01-2020 23:01:54 - Date : 2020-02-01 12:38:27
File Name  : ../var/import/GBSstockfeed.csv - Last Modify Date : 31-01-2020 23:01:54- Recently Modify Date  :31-01-2020 23:01:54 - Date : 2020-02-01 12:39:28
File Name  : ../var/import/GBSstockfeed.csv - Last Modify Date : 31-01-2020 23:01:54- Recently Modify Date  :31-01-2020 23:01:54 - Date : 2020-02-01 12:40:44
File Name  : ../var/import/GBSstockfeed.csv - Last Modify Date : 31-01-2020 23:01:54- Recently Modify Date  :31-01-2020 23:01:54 - Date : 2020-02-01 12:48:58
File Name  : ../var/import/GBSstockfeed.csv - Last Modify Date : 31-01-2020 23:01:54- Recently Modify Date  :31-01-2020 23:01:54 - Date : 2020-02-01 12:49:40
File Name  : ../var/import/GBSstockfeed.csv - Last Modify Date : 31-01-2020 23:01:54- Recently Modify Date  :31-01-2020 23:01:54 - Date : 2020-02-01 13:07:48
File Name  : ../var/import/GBSstockfeed.csv - Last Modify Date : 31-01-2020 23:01:54- Recently Modify Date  :31-01-2020 23:01:54 - Date : 2020-02-01 13:08:39
File Name  : ../var/import/GBSstockfeed.csv - Last Modify Date : 31-01-2020 23:01:54- Recently Modify Date  :31-01-2020 23:01:54 - Date : 2020-02-01 13:09:44
File Name  : ../var/import/GBSstockfeed.csv - Last Modify Date : 31-01-2020 23:01:54- Recently Modify Date  :31-01-2020 23:01:54 - Date : 2020-02-01 13:13:17
File Name  : ../var/import/GBSstockfeed.csv - Last Modify Date : 31-01-2020 23:01:54- Recently Modify Date  :31-01-2020 23:01:54 - Date : 2020-02-01 13:13:22
File Name  : ../var/import/GBSstockfeed.csv - Last Modify Date : 31-01-2020 23:01:54- Recently Modify Date  :31-01-2020 23:01:54 - Date : 2020-02-01 13:13:25
File Name  : ../var/import/GBSstockfeed-test.csv - Last Modify Date : 31-01-2020 23:01:54- Recently Modify Date  :01-02-2020 13:13:02 - Date : 2020-02-01 13:20:52
File Name  : ../var/import/GBSstockfeed-test.csv - Last Modify Date : 01-02-2020 13:13:02- Recently Modify Date  :01-02-2020 13:13:02 - Date : 2020-02-01 13:21:58
File Name  : ../var/import/GBSstockfeed-test.csv - Last Modify Date : 01-02-2020 13:13:02- Recently Modify Date  :01-02-2020 13:13:02 - Date : 2020-02-01 13:23:11
File Name  : ../var/import/GBSstockfeed-test.csv - Last Modify Date : 01-02-2020 13:13:02- Recently Modify Date  :01-02-2020 13:13:02 - Date : 2020-02-01 13:23:37
File Name  : ../var/import/GBSstockfeed-test.csv - Last Modify Date : 01-02-2020 13:13:02- Recently Modify Date  :01-02-2020 13:13:02 - Date : 2020-02-01 13:24:01
File Name  : ../var/import/GBSstockfeed-test.csv - Last Modify Date : 01-02-2020 13:13:02- Recently Modify Date  :01-02-2020 13:13:02 - Date : 2020-02-01 13:24:07
File Name  : ../var/import/GBSstockfeed-test.csv - Last Modify Date : 01-02-2020 13:13:02- Recently Modify Date  :01-02-2020 13:13:02 - Date : 2020-02-01 13:24:17
File Name  : ../var/import/GBSstockfeed-test.csv - Last Modify Date : 01-02-2020 13:13:02- Recently Modify Date  :01-02-2020 13:13:02 - Date : 2020-02-01 13:25:40
File Name  : ../var/import/GBSstockfeed-test.csv - Last Modify Date : 01-02-2020 13:13:02- Recently Modify Date  :01-02-2020 13:13:02 - Date : 2020-02-01 13:26:05
File Name  : ../var/import/GBSstockfeed-test.csv - Last Modify Date : 01-02-2020 13:13:02- Recently Modify Date  :01-02-2020 13:13:02 - Date : 2020-02-01 13:27:36
File Name  : ../var/import/GBSstockfeed-test.csv - Last Modify Date : 01-02-2020 13:13:02- Recently Modify Date  :01-02-2020 13:13:02 - Date : 2020-02-01 13:27:38
File Name  : ../var/import/GBSstockfeed-test.csv - Last Modify Date : 01-02-2020 13:13:02- Recently Modify Date  :01-02-2020 13:13:02 - Date : 2020-02-01 13:29:08
File Name  : ../var/import/GBSstockfeed-test.csv - Last Modify Date : 01-02-2020 13:13:02- Recently Modify Date  :01-02-2020 13:13:02 - Date : 2020-02-01 13:29:36
File Name  : ../var/import/GBSstockfeed-test.csv - Last Modify Date : 01-02-2020 13:13:02- Recently Modify Date  :01-02-2020 13:13:02 - Date : 2020-02-01 13:29:40
File Name  : ../var/import/GBSstockfeed-test.csv - Last Modify Date : 01-02-2020 13:13:02- Recently Modify Date  :01-02-2020 13:13:02 - Date : 2020-02-01 13:29:55
File Name  : ../var/import/GBSstockfeed-test.csv - Last Modify Date : 01-02-2020 13:13:02- Recently Modify Date  :01-02-2020 13:13:02 - Date : 2020-02-01 13:30:20
File Name  : ../var/import/GBSstockfeed-test.csv - Last Modify Date : 01-02-2020 13:13:02- Recently Modify Date  :01-02-2020 13:13:02 - Date : 2020-02-01 13:32:02
File Name  : ../var/import/GBSstockfeed-test.csv - Last Modify Date : 01-02-2020 13:13:02- Recently Modify Date  :01-02-2020 13:13:02 - Date : 2020-02-01 13:32:16
File Name  : ../var/import/GBSstockfeed-test.csv - Last Modify Date : 01-02-2020 13:13:02- Recently Modify Date  :01-02-2020 13:13:02 - Date : 2020-02-01 13:32:19
File Name  : ../var/import/GBSstockfeed-test.csv - Last Modify Date : 01-02-2020 13:13:02- Recently Modify Date  :01-02-2020 13:13:02 - Date : 2020-02-01 13:32:37
File Name  : ../var/import/GBSstockfeed-test.csv - Last Modify Date : 01-02-2020 13:13:02- Recently Modify Date  :01-02-2020 13:13:02 - Date : 2020-02-01 13:32:40
File Name  : ../var/import/GBSstockfeed-test.csv - Last Modify Date : 01-02-2020 13:13:02- Recently Modify Date  :01-02-2020 13:13:02 - Date : 2020-02-01 13:32:42
File Name  : ../var/import/GBSstockfeed-test.csv - Last Modify Date : 01-02-2020 13:13:02- Recently Modify Date  :01-02-2020 13:13:02 - Date : 2020-02-01 13:32:45
File Name  : ../var/import/GBSstockfeed-test.csv - Last Modify Date : 01-02-2020 13:13:02- Recently Modify Date  :01-02-2020 13:13:02 - Date : 2020-02-01 13:32:57
File Name  : ../var/import/GBSstockfeed-test.csv - Last Modify Date : 01-02-2020 13:13:02- Recently Modify Date  :01-02-2020 13:13:02 - Date : 2020-02-01 13:33:08
File Name  : ../var/import/GBSstockfeed-test.csv - Last Modify Date : 01-02-2020 13:13:02- Recently Modify Date  :01-02-2020 13:13:02 - Date : 2020-02-01 13:33:20
File Name  : ../var/import/GBSstockfeed-test.csv - Last Modify Date : 01-02-2020 13:13:02- Recently Modify Date  :01-02-2020 13:13:02 - Date : 2020-02-01 13:33:52
File Name  : ../var/import/GBSstockfeed.csv - Last Modify Date : 31-01-2020 23:01:54- Recently Modify Date  :31-01-2020 23:01:54 - Date : 2020-02-01 13:34:49
File Name  : ../var/import/GBSstockfeed.csv - Last Modify Date : 31-01-2020 23:01:54- Recently Modify Date  :31-01-2020 23:01:54 - Date : 2020-02-01 13:36:35
File Name  : ../var/import/GBSstockfeed.csv - Last Modify Date : 31-01-2020 23:01:54- Recently Modify Date  :31-01-2020 23:01:54 - Date : 2020-02-01 13:38:15
File Name  : ../var/import/GBSstockfeed.csv - Last Modify Date : 31-01-2020 23:01:54- Recently Modify Date  :31-01-2020 23:01:54 - Date : 2020-02-01 13:39:41
File Name  : ../var/import/GBSstockfeed.csv - Last Modify Date : 31-01-2020 23:01:54- Recently Modify Date  :31-01-2020 23:01:54 - Date : 2020-02-01 13:44:09
File Name  : ../var/import/GBSstockfeed.csv - Last Modify Date : 31-01-2020 23:01:54- Recently Modify Date  :31-01-2020 23:01:54 - Date : 2020-02-01 13:48:43
File Name  : ../var/import/GBSstockfeed.csv - Last Modify Date : 31-01-2020 23:01:54- Recently Modify Date  :31-01-2020 17:31:54 - Date : 2020-02-01 08:28:19
File Name  : ../var/import/GBSstockfeed.csv - Last Modify Date : 31-01-2020 17:31:54- Recently Modify Date  :01-02-2020 08:32:09 - Date : 2020-02-01 08:32:09
File Name  : ../var/import/GBSstockfeed.csv - Last Modify Date : 01-02-2020 08:32:09- Recently Modify Date  :01-02-2020 14:32:18 - Date : 2020-02-01 15:12:47
File Name  : ../var/import/GBSstockfeed.csv - Last Modify Date : 01-02-2020 14:32:18- Recently Modify Date  :02-02-2020 17:31:50 - Date : 2020-02-03 05:05:18
File Name  : ../var/import/GBSstockfeed.csv - Last Modify Date : 01-02-2020 14:32:18- Recently Modify Date  :02-02-2020 17:31:50 - Date : 2020-02-03 05:05:18
File Name  : ../var/import/GBSstockfeed.csv - Last Modify Date : 02-02-2020 17:31:50- Recently Modify Date  :03-02-2020 14:32:22 - Date : 2020-02-03 15:53:46
File Name  : ../var/import/GBSstockfeed.csv - Last Modify Date : 03-02-2020 14:32:22- Recently Modify Date  :05-02-2020 14:32:21 - Date : 2020-02-05 15:55:21
File Name  : ../var/import/GBSstockfeed.csv - Last Modify Date : 05-02-2020 14:32:21- Recently Modify Date  :05-02-2020 17:31:51 - Date : 2020-02-06 08:08:58
File Name  : /home/surestep/public_html/var/import/GBSstockfeed.csv - Last Modify Date : 05-02-2020 17:31:51- Recently Modify Date  :06-02-2020 11:31:54 - Date : 2020-02-06 11:38:01
File Name  : /home/surestep/public_html/var/import/GBSstockfeed.csv - Last Modify Date : 05-02-2020 17:31:51- Recently Modify Date  :06-02-2020 11:31:54 - Date : 2020-02-06 11:39:01
File Name  : /home/surestep/public_html/var/import/GBSstockfeed.csv - Last Modify Date : 06-02-2020 11:31:54- Recently Modify Date  :06-02-2020 11:31:54 
 - Date : 2020-02-06 11:46:02
File Name  : /home/surestep/public_html/var/import/GBSstockfeed.csv - Last Modify Date : 06-02-2020 10:31:54 
- Recently Modify Date  :06-02-2020 11:31:54 
 - Date : 2020-02-06 11:55:01
File Name  : /home/surestep/public_html/var/import/GBSstockfeed.csv - Last Modify Date : 06-02-2020 10:31:54 
- Recently Modify Date  :06-02-2020 11:31:54 
 - Date : 2020-02-06 11:59:01
